TN:
SF:/Users/gonzaloignaciopincheiraarancibia/Desktop/nodeApps/github/angular-rut-validator/src/angular-rut-validator.js
FN:1,(anonymous_1)
FN:14,checkFormatFilter
FN:15,(anonymous_3)
FN:29,rutFormatter
FN:30,(anonymous_5)
FN:44,cleanFormatFilter
FN:45,(anonymous_7)
FN:60,rutVerifierFilter
FN:61,(anonymous_9)
FN:124,directive
FN:132,linkFn
FN:137,(anonymous_12)
FN:149,(anonymous_13)
FNF:13
FNH:13
FNDA:1,(anonymous_1)
FNDA:4,checkFormatFilter
FNDA:35,(anonymous_3)
FNDA:1,rutFormatter
FNDA:1,(anonymous_5)
FNDA:4,cleanFormatFilter
FNDA:15,(anonymous_7)
FNDA:3,rutVerifierFilter
FNDA:28,(anonymous_9)
FNDA:2,directive
FNDA:2,linkFn
FNDA:4,(anonymous_12)
FNDA:15,(anonymous_13)
DA:1,1
DA:5,1
DA:10,1
DA:14,1
DA:15,4
DA:16,35
DA:18,35
DA:25,1
DA:29,1
DA:30,1
DA:32,1
DA:34,1
DA:36,1
DA:40,1
DA:44,1
DA:45,4
DA:46,15
DA:54,1
DA:58,1
DA:60,1
DA:61,3
DA:64,28
DA:66,28
DA:68,14
DA:75,14
DA:98,14
DA:99,108
DA:100,108
DA:104,14
DA:105,14
DA:108,14
DA:118,1
DA:122,1
DA:124,1
DA:125,2
DA:130,2
DA:132,1
DA:135,2
DA:137,2
DA:139,4
DA:141,4
DA:142,3
DA:143,3
DA:149,2
DA:151,15
DA:153,15
DA:155,15
LF:47
LH:47
BRDA:18,1,0,35
BRDA:18,1,1,35
BRDA:32,2,0,0
BRDA:32,2,1,1
BRDA:46,3,0,15
BRDA:46,3,1,0
BRDA:66,4,0,14
BRDA:66,4,1,14
BRDA:100,5,0,14
BRDA:100,5,1,94
BRDA:105,6,0,2
BRDA:105,6,1,12
BRDA:106,7,0,2
BRDA:106,7,1,10
BRDA:141,8,0,3
BRDA:141,8,1,1
BRDA:153,9,0,14
BRDA:153,9,1,1
BRF:18
BRH:16
end_of_record
